2024-08-13 00:00:12,174:INFO:Starting training process...
2024-08-13 13:01:36,485:INFO:Starting training process...
2024-08-13 13:06:29,691:INFO:Starting training process...
2024-08-13 13:49:54,256:INFO:Starting training process...
2024-08-13 13:57:28,957:INFO:Starting training process...
2024-08-13 14:04:26,867:INFO:Starting training process...
2024-08-13 14:08:45,381:INFO:Starting training process...
2024-08-13 14:09:06,702:INFO:Starting training process...
2024-08-13 14:12:44,682:INFO:Starting training process...
2024-08-13 20:39:08,458:INFO:Starting training process...
2024-08-13 20:51:30,806:INFO:Starting training process...
2024-08-13 21:08:12,148:INFO:Starting training process...
2024-08-13 21:13:54,548:INFO:Starting training process...
2024-08-13 21:22:17,766:INFO:Starting training process...
2024-08-13 21:23:08,330:INFO:Starting training process...
2024-08-13 21:23:08,679:INFO:logistic_regression Validation Accuracy: 0.9767441860465116
2024-08-13 21:23:08,679:INFO:decision_tree Validation Accuracy: 1.0
2024-08-13 21:23:08,694:INFO:random_forest Validation Accuracy: 1.0
2024-08-13 21:23:08,694:INFO:Best model saved with accuracy: 1.0
2024-08-13 21:25:43,035:INFO:Starting training process...
2024-08-13 21:27:18,693:INFO:Starting training process...
2024-08-13 21:32:58,673:INFO:Starting training process...
2024-08-13 21:32:59,001:INFO:logistic_regression Validation Accuracy: 0.8837209302325582
2024-08-13 21:32:59,001:INFO:decision_tree Validation Accuracy: 0.9767441860465116
2024-08-13 21:32:59,017:INFO:random_forest Validation Accuracy: 0.9302325581395349
2024-08-13 21:32:59,017:INFO:Best model saved with accuracy: 0.9767441860465116
2024-08-14 00:03:52,499:INFO:Starting training process...
2024-08-14 00:03:53,003:INFO:logistic_regression Validation Accuracy: 0.8837209302325582
2024-08-14 00:03:53,006:INFO:decision_tree Validation Accuracy: 0.9767441860465116
2024-08-14 00:03:53,017:INFO:random_forest Validation Accuracy: 0.9302325581395349
2024-08-14 00:03:53,020:INFO:Best model saved with accuracy: 0.9767441860465116
2024-08-14 00:08:49,229:INFO:Starting training process...
2024-08-14 00:08:49,545:INFO:logistic_regression Validation Accuracy: 0.8837209302325582
2024-08-14 00:08:49,549:INFO:decision_tree Validation Accuracy: 0.9767441860465116
2024-08-14 00:08:49,559:INFO:random_forest Validation Accuracy: 0.9302325581395349
2024-08-14 00:08:49,563:INFO:Best model saved with accuracy: 0.9767441860465116
2024-08-14 00:11:03,684:INFO:Starting training process...
2024-08-14 00:11:03,976:INFO:logistic_regression Validation Accuracy: 0.8837209302325582
2024-08-14 00:11:03,980:INFO:decision_tree Validation Accuracy: 0.9767441860465116
2024-08-14 00:11:03,992:INFO:random_forest Validation Accuracy: 0.9302325581395349
2024-08-14 00:11:03,995:INFO:Best model saved with accuracy: 0.9767441860465116
2024-08-14 00:12:55,447:INFO:Starting training process...
2024-08-14 00:12:55,745:INFO:logistic_regression Validation Accuracy: 0.8837209302325582
2024-08-14 00:12:55,748:INFO:decision_tree Validation Accuracy: 0.9767441860465116
2024-08-14 00:12:55,759:INFO:random_forest Validation Accuracy: 0.9302325581395349
2024-08-14 00:12:55,763:INFO:Best model saved with accuracy: 0.9767441860465116
2024-08-14 00:18:55,977:INFO:Starting training process...
2024-08-14 00:18:56,286:INFO:logistic_regression Validation Accuracy: 0.8837209302325582
2024-08-14 00:18:56,290:INFO:decision_tree Validation Accuracy: 0.9767441860465116
2024-08-14 00:18:56,301:INFO:random_forest Validation Accuracy: 0.9534883720930233
2024-08-14 00:18:56,305:INFO:Best model saved with accuracy: 0.9767441860465116
2024-08-14 00:38:25,758:INFO:Starting training process...
2024-08-14 00:38:26,122:INFO:logistic_regression Validation Accuracy: 0.8837209302325582
2024-08-14 00:38:26,126:INFO:decision_tree Validation Accuracy: 0.9767441860465116
2024-08-14 00:38:26,138:INFO:random_forest Validation Accuracy: 0.9534883720930233
2024-08-14 00:38:26,141:INFO:Best model saved with accuracy: 0.9767441860465116
2024-08-14 00:39:13,713:INFO:Starting training process...
2024-08-14 00:39:14,042:INFO:logistic_regression Validation Accuracy: 0.8837209302325582
2024-08-14 00:39:14,045:INFO:decision_tree Validation Accuracy: 0.9767441860465116
2024-08-14 00:39:14,058:INFO:random_forest Validation Accuracy: 0.9302325581395349
2024-08-14 00:39:14,062:INFO:Best model saved with accuracy: 0.9767441860465116
2024-08-14 00:42:04,050:INFO:Starting training process...
2024-08-14 00:42:04,377:INFO:logistic_regression Validation Accuracy: 0.8837209302325582
2024-08-14 00:42:04,380:INFO:decision_tree Validation Accuracy: 0.9767441860465116
2024-08-14 00:42:04,391:INFO:random_forest Validation Accuracy: 0.9302325581395349
2024-08-14 00:42:04,395:INFO:Best model saved with accuracy: 0.9767441860465116
2024-08-14 00:44:35,892:INFO:Starting training process...
2024-08-14 00:44:36,219:INFO:logistic_regression Validation Accuracy: 0.8837209302325582
2024-08-14 00:44:36,223:INFO:decision_tree Validation Accuracy: 0.9767441860465116
2024-08-14 00:44:36,236:INFO:random_forest Validation Accuracy: 0.9534883720930233
2024-08-14 00:44:36,240:INFO:Best model saved with accuracy: 0.9767441860465116
2024-08-14 00:45:16,661:INFO:Starting training process...
2024-08-14 00:45:16,988:INFO:logistic_regression Validation Accuracy: 0.8837209302325582
2024-08-14 00:45:16,991:INFO:decision_tree Validation Accuracy: 0.9767441860465116
2024-08-14 00:45:17,003:INFO:random_forest Validation Accuracy: 0.9302325581395349
2024-08-14 00:45:17,006:INFO:Best model saved with accuracy: 0.9767441860465116
2024-08-14 00:52:44,519:INFO:Starting training process...
2024-08-14 00:52:44,855:INFO:logistic_regression Validation Accuracy: 0.8837209302325582
2024-08-14 00:52:44,858:INFO:decision_tree Validation Accuracy: 0.9767441860465116
2024-08-14 00:52:44,869:INFO:random_forest Validation Accuracy: 0.9534883720930233
2024-08-14 00:52:44,873:INFO:Best model saved with accuracy: 0.9767441860465116
2024-08-14 00:53:59,993:INFO:Starting training process...
2024-08-14 00:54:00,332:INFO:logistic_regression Validation Accuracy: 0.8837209302325582
2024-08-14 00:54:00,336:INFO:decision_tree Validation Accuracy: 0.9767441860465116
2024-08-14 00:54:00,347:INFO:random_forest Validation Accuracy: 0.9534883720930233
2024-08-14 00:54:00,350:INFO:Best model saved with accuracy: 0.9767441860465116
2024-08-14 09:54:19,546:INFO:Starting training process...
2024-08-14 09:54:19,871:INFO:logistic_regression Validation Accuracy: 0.8372093023255814
2024-08-14 09:54:19,876:INFO:decision_tree Validation Accuracy: 0.9767441860465116
2024-08-14 09:54:19,888:INFO:random_forest Validation Accuracy: 0.9302325581395349
2024-08-14 09:54:19,891:INFO:Best model saved with accuracy: 0.9767441860465116
2024-08-14 10:09:14,096:INFO:Starting training process...
2024-08-14 10:09:14,440:INFO:logistic_regression Validation Accuracy: 0.8604651162790697
2024-08-14 10:09:14,443:INFO:decision_tree Validation Accuracy: 0.9767441860465116
2024-08-14 10:09:14,456:INFO:random_forest Validation Accuracy: 0.9302325581395349
2024-08-14 10:09:14,460:INFO:Best model saved with accuracy: 0.9767441860465116
